[1709805879.494][INFO]: Starting ChromeDriver 122.0.6261.94 (880dbf29479c6152d5e4f08dfd3a96b30f919e56-refs/branch-heads/6261@{#960}) on port 3051
[1709805879.494][INFO]: Please see https://chromedriver.chromium.org/security-considerations for suggestions on keeping ChromeDriver safe.
[1709805880.120][INFO]: [2539c0ba5a1eeead7691b0e8bb60e60c] COMMAND InitSession {
   "capabilities": {
      "firstMatch": [ {
         "browserName": "chrome",
         "goog:chromeOptions": {
            "args": [  ],
            "extensions": [  ]
         },
         "goog:loggingPrefs": {
            "browser": "ALL",
            "driver": "ALL"
         }
      } ]
   }
}
[1709805880.120][INFO]: Browser search. Trying... C:\Users\user\.cache\selenium\chromedriver\win64\122.0.6261.94\chrome.exe
[1709805880.120][INFO]: Browser search. Trying... C:\Users\user\.cache\selenium\chromedriver\win64\122.0.6261.94\chrome.exe
[1709805880.121][INFO]: Browser search. Trying... C:\Users\user\.cache\selenium\chromedriver\win64\122.0.6261.94\chromium.exe
[1709805880.126][INFO]: Browser search. Trying... C:\Users\user\AppData\Local\Google\Chrome\Application\chrome.exe
[1709805880.126][INFO]: Browser search. Trying... C:\Program Files\Google\Chrome\Application\chrome.exe
[1709805880.126][INFO]: Browser search. Trying... C:\Program Files (x86)\Google\Chrome\Application\chrome.exe
[1709805880.126][INFO]: Browser search. Found at  C:\Program Files (x86)\Google\Chrome\Application\chrome.exe
[1709805880.128][INFO]: Populating Preferences file: {
   "alternate_error_pages": {
      "enabled": false
   },
   "autofill": {
      "enabled": false
   },
   "browser": {
      "check_default_browser": false
   },
   "distribution": {
      "import_bookmarks": false,
      "import_history": false,
      "import_search_engine": false,
      "make_chrome_default_for_user": false,
      "skip_first_run_ui": true
   },
   "dns_prefetching": {
      "enabled": false
   },
   "profile": {
      "content_settings": {
         "pattern_pairs": {
            "https://*,*": {
               "media-stream": {
                  "audio": "Default",
                  "video": "Default"
               }
            }
         }
      },
      "default_content_setting_values": {
         "geolocation": 1
      },
      "default_content_settings": {
         "geolocation": 1,
         "mouselock": 1,
         "notifications": 1,
         "popups": 1,
         "ppapi-broker": 1
      },
      "password_manager_enabled": false
   },
   "safebrowsing": {
      "enabled": false
   },
   "search": {
      "suggest_enabled": false
   },
   "translate": {
      "enabled": false
   }
}
[1709805880.140][INFO]: Populating Local State file: {
   "background_mode": {
      "enabled": false
   },
   "ssl": {
      "rev_checking": {
         "enabled": false
      }
   }
}
[1709805880.235][INFO]: ChromeDriver supports communication with Chrome via pipes. This is more reliable and more secure.
[1709805880.235][INFO]: Use the --remote-debugging-pipe Chrome switch instead of the default --remote-debugging-port to enable this communication mode.
[1709805880.237][INFO]: Launching chrome: "C:\Program Files (x86)\Google\Chrome\Application\chrome.exe" --allow-pre-commit-input --disable-background-networking --disable-backgrounding-occluded-windows --disable-client-side-phishing-detection --disable-default-apps --disable-hang-monitor --disable-popup-blocking --disable-prompt-on-repost --disable-sync --enable-automation --enable-logging --log-level=0 --no-first-run --no-service-autorun --password-store=basic --remote-debugging-port=0 --test-type=webdriver --use-mock-keychain --user-data-dir="C:\Users\user\AppData\Local\Temp\scoped_dir2748_889353116" data:,
[1709805903.054][INFO]: resolved localhost to ["::1","127.0.0.1"]
[1709805911.096][INFO]: [2539c0ba5a1eeead7691b0e8bb60e60c] RESPONSE InitSession {
   "capabilities": {
      "acceptInsecureCerts": false,
      "browserName": "chrome",
      "browserVersion": "122.0.6261.95",
      "chrome": {
         "chromedriverVersion": "122.0.6261.94 (880dbf29479c6152d5e4f08dfd3a96b30f919e56-refs/branch-heads/6261@{#960})",
         "userDataDir": "C:\\Users\\user\\AppData\\Local\\Temp\\scoped_dir2748_889353116"
      },
      "fedcm:accounts": true,
      "goog:chromeOptions": {
         "debuggerAddress": "localhost:55690"
      },
      "networkConnectionEnabled": false,
      "pageLoadStrategy": "normal",
      "platformName": "windows",
      "proxy": {
      },
      "setWindowRect": true,
      "strictFileInteractability": false,
      "timeouts": {
         "implicit": 0,
         "pageLoad": 300000,
         "script": 30000
      },
      "unhandledPromptBehavior": "dismiss and notify",
      "webauthn:extension:credBlob": true,
      "webauthn:extension:largeBlob": true,
      "webauthn:extension:minPinLength": true,
      "webauthn:extension:prf": true,
      "webauthn:virtualAuthenticators": true
   },
   "sessionId": "2539c0ba5a1eeead7691b0e8bb60e60c"
}
[1709805912.469][INFO]: [2539c0ba5a1eeead7691b0e8bb60e60c] COMMAND MaximizeWindow {
}
[1709805912.501][INFO]: Waiting for pending navigations...
[1709805912.503][INFO]: Done waiting for pending navigations. Status: ok
[1709805912.668][INFO]: Waiting for pending navigations...
[1709805912.671][INFO]: Done waiting for pending navigations. Status: ok
[1709805912.671][INFO]: [2539c0ba5a1eeead7691b0e8bb60e60c] RESPONSE MaximizeWindow {
   "height": 744,
   "width": 1382,
   "x": -8,
   "y": -8
}
[1709805912.683][INFO]: [2539c0ba5a1eeead7691b0e8bb60e60c] COMMAND SetTimeouts {
   "implicit": 30000
}
[1709805912.683][INFO]: [2539c0ba5a1eeead7691b0e8bb60e60c] RESPONSE SetTimeouts
[1709805912.694][INFO]: [2539c0ba5a1eeead7691b0e8bb60e60c] COMMAND Navigate {
   "url": " https://leetcode.com/"
}
[1709805912.694][INFO]: Waiting for pending navigations...
[1709805912.695][INFO]: Done waiting for pending navigations. Status: ok
[1709805913.146][INFO]: Waiting for pending navigations...
[1709805929.628][INFO]: Done waiting for pending navigations. Status: ok
[1709805929.628][INFO]: [2539c0ba5a1eeead7691b0e8bb60e60c] RESPONSE Navigate
[1709805929.642][INFO]: [2539c0ba5a1eeead7691b0e8bb60e60c] COMMAND GetUrl {
}
[1709805929.642][INFO]: Waiting for pending navigations...
[1709805929.725][INFO]: Done waiting for pending navigations. Status: ok
[1709805929.972][INFO]: Waiting for pending navigations...
[1709805930.005][INFO]: Done waiting for pending navigations. Status: ok
[1709805930.005][INFO]: [2539c0ba5a1eeead7691b0e8bb60e60c] RESPONSE GetUrl "https://leetcode.com/"
[1709805930.053][INFO]: [2539c0ba5a1eeead7691b0e8bb60e60c] COMMAND Navigate {
   "url": "https://leetcode.com/"
}
[1709805930.053][INFO]: Waiting for pending navigations...
[1709805930.112][INFO]: Done waiting for pending navigations. Status: ok
[1709805930.582][INFO]: Waiting for pending navigations...
[1709805939.071][INFO]: Done waiting for pending navigations. Status: ok
[1709805939.071][INFO]: [2539c0ba5a1eeead7691b0e8bb60e60c] RESPONSE Navigate
[1709805939.089][INFO]: [2539c0ba5a1eeead7691b0e8bb60e60c] COMMAND FindElement {
   "using": "xpath",
   "value": "//p[contains(text(),'View Questions ')]"
}
[1709805939.089][INFO]: Waiting for pending navigations...
[1709805939.113][INFO]: Done waiting for pending navigations. Status: ok
[1709805939.270][INFO]: Waiting for pending navigations...
[1709805939.271][INFO]: Done waiting for pending navigations. Status: ok
[1709805939.272][INFO]: [2539c0ba5a1eeead7691b0e8bb60e60c] RESPONSE FindElement {
   "element-6066-11e4-a52e-4f735466cecf": "f.43863FDD0D0D6CFD9B019A287061E9D8.d.D0741C18C6F4B5E920D0BB5096FDD549.e.28"
}
[1709805939.326][INFO]: [2539c0ba5a1eeead7691b0e8bb60e60c] COMMAND ClickElement {
   "id": "f.43863FDD0D0D6CFD9B019A287061E9D8.d.D0741C18C6F4B5E920D0BB5096FDD549.e.28"
}
[1709805939.326][INFO]: Waiting for pending navigations...
[1709805939.328][INFO]: Done waiting for pending navigations. Status: ok
[1709805939.718][INFO]: Waiting for pending navigations...
[1709805945.657][INFO]: Done waiting for pending navigations. Status: ok
[1709805945.658][INFO]: [2539c0ba5a1eeead7691b0e8bb60e60c] RESPONSE ClickElement
[1709805948.669][INFO]: [2539c0ba5a1eeead7691b0e8bb60e60c] COMMAND GetUrl {
}
[1709805948.669][INFO]: Waiting for pending navigations...
[1709805948.670][INFO]: Done waiting for pending navigations. Status: ok
[1709805948.675][INFO]: Waiting for pending navigations...
[1709805948.677][INFO]: Done waiting for pending navigations. Status: ok
[1709805948.677][INFO]: [2539c0ba5a1eeead7691b0e8bb60e60c] RESPONSE GetUrl "https://leetcode.com/problemset/"
[1709805948.691][INFO]: [2539c0ba5a1eeead7691b0e8bb60e60c] COMMAND FindElements {
   "using": "xpath",
   "value": "//a[contains(@href,'/problems/')]"
}
[1709805948.691][INFO]: Waiting for pending navigations...
[1709805948.693][INFO]: Done waiting for pending navigations. Status: ok
[1709805948.784][INFO]: Waiting for pending navigations...
[1709805948.785][INFO]: Done waiting for pending navigations. Status: ok
[1709805948.786][INFO]: [2539c0ba5a1eeead7691b0e8bb60e60c] RESPONSE FindElements [ {
   "element-6066-11e4-a52e-4f735466cecf": "f.43863FDD0D0D6CFD9B019A287061E9D8.d.4F36246D4FF81197E71302EEBCA2E0D6.e.44"
}, {
   "element-6066-11e4-a52e-4f735466cecf": "f.43863FDD0D0D6CFD9B019A287061E9D8.d.4F36246D4FF81197E71302EEBCA2E0D6.e.45"
}, {
   "element-6066-11e4-a52e-4f735466cecf": "f.43863FDD0D0D6CFD9B019A287061E9D8.d.4F36246D4FF81197E71302EEBCA2E0D6.e.46"
}, {
   "element-6066-11e4-a52e-4f735466cecf": "f.43863FDD0D0D6CFD9B019A287061E9D8.d.4F36246D4FF81197E71302EEBCA2E0D6.e.47"
}, {
   "element-6066-11e4-a52e-4f735466cecf": "f.43863FDD0D0D6CFD9B019A287061E9D8.d.4F36246D4FF81197E71302EEBCA2E0D6.e.48"
}, {
   "element-6066-11e4-a52e-4f735466cecf": "f.43863FDD0D0D6CFD9B019A287061E9D8.d.4F36246D4FF81197E71302EEBCA2E0D6.e.49"
}, {
   "element-6066-11e4-a52e-4f735466cecf": "f.43863FDD0D0D6CFD9B019A287061E9D8.d.4F36246D4FF81197E71302EEBCA2E0D6.e.50"
}, {
   "element-6066-11e4-a52e-4f735466cecf": "f.43863FDD0D0D6CFD9B019A287061E9D8.d.4F36246D4FF81197E71302EEBCA2E0D6.e.51"
}, {
   "element-6066-11e4-a52e-4f735466cecf": "f.43863FDD0D0D6CFD9B019A287061E9D8.d.4F36246D4FF81197E71302EEBCA2E0D6.e.52"
}, {
   "element-6066-11e4-a52e-4f735466cecf": "f.43863FDD0D0D6CFD9B019A287061E9D8.d.4F36246D4FF81197E71302EEBCA2E0D6.e.53"
}, {
   "element-6066-11e4-a52e-4f735466cecf": "f.43863FDD0D0D6CFD9B019A287061E9D8.d.4F36246D4FF81197E71302EEBCA2E0D6.e.54"
}, {
   "element-6066-11e4-a52e-4f735466cecf": "f.43863FDD0D0D6CFD9B019A287061E9D8.d.4F36246D4FF81197E71302EEBCA2E0D6.e.55"
}, {
   "element-6066-11e4-a52e-4f735466cecf": "f.43863FDD0D0D6CFD9B019A287061E9D8.d.4F36246D4FF81197E71302EEBCA2E0D6.e.56"
}, {
   "element-6066-11e4-a52e-4f735466cecf": "f.43863FDD0D0D6CFD9B019A287061E9D8.d.4F36246D4FF81197E71302EEBCA2E0D6.e.57"
}, {
   "element-6066-11e4-a52e-4f735466cecf": "f.43863FDD0D0D6CFD9B019A287061E9D8.d.4F36246D4FF81197E71302EEBCA2E0D6.e.58"
}, {
   "element-6066-11e4-a52e-4f735466cecf": "f.43863FDD0D0D6CFD9B019A287061E9D8.d.4F36246D4FF81197E71302EEBCA2E0D6.e.59"
}, {
   "element-6066-11e4-a52e-4f735466cecf": "f.43863FDD0D0D6CFD9B019A287061E9D8.d.4F36246D4FF81197E71302EEBCA2E0D6.e.60"
}, {
   "element-6066-11e4-a52e-4f735466cecf": "f.43863FDD0D0D6CFD9B019A287061E9D8.d.4F36246D4FF81197E71302EEBCA2E0D6.e.61"
}, {
   "element-6066-11e4-a52e-4f735466cecf": "f.43863FDD0D0D6CFD9B019A287061E9D8.d.4F36246D4FF81197E71302EEBCA2E0D6.e.62"
}, "..." ]
[1709805948.859][INFO]: [2539c0ba5a1eeead7691b0e8bb60e60c] COMMAND GetElementText {
   "id": "f.43863FDD0D0D6CFD9B019A287061E9D8.d.4F36246D4FF81197E71302EEBCA2E0D6.e.44"
}
[1709805948.859][INFO]: Waiting for pending navigations...
[1709805948.860][INFO]: Done waiting for pending navigations. Status: ok
[1709805948.912][INFO]: Waiting for pending navigations...
[1709805948.913][INFO]: Done waiting for pending navigations. Status: ok
[1709805948.913][INFO]: [2539c0ba5a1eeead7691b0e8bb60e60c] RESPONSE GetElementText ""
[1709805948.918][INFO]: [2539c0ba5a1eeead7691b0e8bb60e60c] COMMAND GetElementText {
   "id": "f.43863FDD0D0D6CFD9B019A287061E9D8.d.4F36246D4FF81197E71302EEBCA2E0D6.e.45"
}
[1709805948.918][INFO]: Waiting for pending navigations...
[1709805948.919][INFO]: Done waiting for pending navigations. Status: ok
[1709805948.932][INFO]: Waiting for pending navigations...
[1709805948.932][INFO]: Done waiting for pending navigations. Status: ok
[1709805948.933][INFO]: [2539c0ba5a1eeead7691b0e8bb60e60c] RESPONSE GetElementText "876. Middle of the Linked List"
[1709805948.938][INFO]: [2539c0ba5a1eeead7691b0e8bb60e60c] COMMAND GetElementText {
   "id": "f.43863FDD0D0D6CFD9B019A287061E9D8.d.4F36246D4FF81197E71302EEBCA2E0D6.e.46"
}
[1709805948.938][INFO]: Waiting for pending navigations...
[1709805948.939][INFO]: Done waiting for pending navigations. Status: ok
[1709805948.952][INFO]: Waiting for pending navigations...
[1709805948.953][INFO]: Done waiting for pending navigations. Status: ok
[1709805948.953][INFO]: [2539c0ba5a1eeead7691b0e8bb60e60c] RESPONSE GetElementText ""
[1709805948.957][INFO]: [2539c0ba5a1eeead7691b0e8bb60e60c] COMMAND GetElementText {
   "id": "f.43863FDD0D0D6CFD9B019A287061E9D8.d.4F36246D4FF81197E71302EEBCA2E0D6.e.47"
}
[1709805948.958][INFO]: Waiting for pending navigations...
[1709805948.959][INFO]: Done waiting for pending navigations. Status: ok
[1709805948.970][INFO]: Waiting for pending navigations...
[1709805948.971][INFO]: Done waiting for pending navigations. Status: ok
[1709805948.971][INFO]: [2539c0ba5a1eeead7691b0e8bb60e60c] RESPONSE GetElementText "1. Two Sum"
[1709805948.976][INFO]: [2539c0ba5a1eeead7691b0e8bb60e60c] COMMAND GetElementText {
   "id": "f.43863FDD0D0D6CFD9B019A287061E9D8.d.4F36246D4FF81197E71302EEBCA2E0D6.e.48"
}
[1709805948.976][INFO]: Waiting for pending navigations...
[1709805948.977][INFO]: Done waiting for pending navigations. Status: ok
[1709805948.990][INFO]: Waiting for pending navigations...
[1709805948.991][INFO]: Done waiting for pending navigations. Status: ok
[1709805948.991][INFO]: [2539c0ba5a1eeead7691b0e8bb60e60c] RESPONSE GetElementText ""
[1709805948.997][INFO]: [2539c0ba5a1eeead7691b0e8bb60e60c] COMMAND GetElementText {
   "id": "f.43863FDD0D0D6CFD9B019A287061E9D8.d.4F36246D4FF81197E71302EEBCA2E0D6.e.49"
}
[1709805948.997][INFO]: Waiting for pending navigations...
[1709805948.998][INFO]: Done waiting for pending navigations. Status: ok
[1709805949.009][INFO]: Waiting for pending navigations...
[1709805949.010][INFO]: Done waiting for pending navigations. Status: ok
[1709805949.010][INFO]: [2539c0ba5a1eeead7691b0e8bb60e60c] RESPONSE GetElementText "2. Add Two Numbers"
[1709805949.015][INFO]: [2539c0ba5a1eeead7691b0e8bb60e60c] COMMAND GetElementText {
   "id": "f.43863FDD0D0D6CFD9B019A287061E9D8.d.4F36246D4FF81197E71302EEBCA2E0D6.e.50"
}
[1709805949.015][INFO]: Waiting for pending navigations...
[1709805949.016][INFO]: Done waiting for pending navigations. Status: ok
[1709805949.031][INFO]: Waiting for pending navigations...
[1709805949.031][INFO]: Done waiting for pending navigations. Status: ok
[1709805949.031][INFO]: [2539c0ba5a1eeead7691b0e8bb60e60c] RESPONSE GetElementText ""
[1709805949.036][INFO]: [2539c0ba5a1eeead7691b0e8bb60e60c] COMMAND GetElementText {
   "id": "f.43863FDD0D0D6CFD9B019A287061E9D8.d.4F36246D4FF81197E71302EEBCA2E0D6.e.51"
}
[1709805949.036][INFO]: Waiting for pending navigations...
[1709805949.037][INFO]: Done waiting for pending navigations. Status: ok
[1709805949.053][INFO]: Waiting for pending navigations...
[1709805949.056][INFO]: Done waiting for pending navigations. Status: ok
[1709805949.056][INFO]: [2539c0ba5a1eeead7691b0e8bb60e60c] RESPONSE GetElementText "3. Longest Substring Without Repeating Characters"
[1709805949.061][INFO]: [2539c0ba5a1eeead7691b0e8bb60e60c] COMMAND GetElementText {
   "id": "f.43863FDD0D0D6CFD9B019A287061E9D8.d.4F36246D4FF81197E71302EEBCA2E0D6.e.52"
}
[1709805949.061][INFO]: Waiting for pending navigations...
[1709805949.062][INFO]: Done waiting for pending navigations. Status: ok
[1709805949.078][INFO]: Waiting for pending navigations...
[1709805949.079][INFO]: Done waiting for pending navigations. Status: ok
[1709805949.079][INFO]: [2539c0ba5a1eeead7691b0e8bb60e60c] RESPONSE GetElementText ""
[1709805949.087][INFO]: [2539c0ba5a1eeead7691b0e8bb60e60c] COMMAND GetElementText {
   "id": "f.43863FDD0D0D6CFD9B019A287061E9D8.d.4F36246D4FF81197E71302EEBCA2E0D6.e.53"
}
[1709805949.087][INFO]: Waiting for pending navigations...
[1709805949.088][INFO]: Done waiting for pending navigations. Status: ok
[1709805949.101][INFO]: Waiting for pending navigations...
[1709805949.102][INFO]: Done waiting for pending navigations. Status: ok
[1709805949.102][INFO]: [2539c0ba5a1eeead7691b0e8bb60e60c] RESPONSE GetElementText "4. Median of Two Sorted Arrays"
[1709805949.107][INFO]: [2539c0ba5a1eeead7691b0e8bb60e60c] COMMAND GetElementText {
   "id": "f.43863FDD0D0D6CFD9B019A287061E9D8.d.4F36246D4FF81197E71302EEBCA2E0D6.e.54"
}
[1709805949.107][INFO]: Waiting for pending navigations...
[1709805949.108][INFO]: Done waiting for pending navigations. Status: ok
[1709805949.122][INFO]: Waiting for pending navigations...
[1709805949.123][INFO]: Done waiting for pending navigations. Status: ok
[1709805949.123][INFO]: [2539c0ba5a1eeead7691b0e8bb60e60c] RESPONSE GetElementText ""
[1709805949.127][INFO]: [2539c0ba5a1eeead7691b0e8bb60e60c] COMMAND GetElementText {
   "id": "f.43863FDD0D0D6CFD9B019A287061E9D8.d.4F36246D4FF81197E71302EEBCA2E0D6.e.55"
}
[1709805949.127][INFO]: Waiting for pending navigations...
[1709805949.128][INFO]: Done waiting for pending navigations. Status: ok
[1709805949.139][INFO]: Waiting for pending navigations...
[1709805949.140][INFO]: Done waiting for pending navigations. Status: ok
[1709805949.140][INFO]: [2539c0ba5a1eeead7691b0e8bb60e60c] RESPONSE GetElementText "5. Longest Palindromic Substring"
[1709805949.145][INFO]: [2539c0ba5a1eeead7691b0e8bb60e60c] COMMAND GetElementText {
   "id": "f.43863FDD0D0D6CFD9B019A287061E9D8.d.4F36246D4FF81197E71302EEBCA2E0D6.e.56"
}
[1709805949.145][INFO]: Waiting for pending navigations...
[1709805949.146][INFO]: Done waiting for pending navigations. Status: ok
[1709805949.161][INFO]: Waiting for pending navigations...
[1709805949.162][INFO]: Done waiting for pending navigations. Status: ok
[1709805949.162][INFO]: [2539c0ba5a1eeead7691b0e8bb60e60c] RESPONSE GetElementText ""
[1709805949.168][INFO]: [2539c0ba5a1eeead7691b0e8bb60e60c] COMMAND GetElementText {
   "id": "f.43863FDD0D0D6CFD9B019A287061E9D8.d.4F36246D4FF81197E71302EEBCA2E0D6.e.57"
}
[1709805949.168][INFO]: Waiting for pending navigations...
[1709805949.169][INFO]: Done waiting for pending navigations. Status: ok
[1709805949.181][INFO]: Waiting for pending navigations...
[1709805949.182][INFO]: Done waiting for pending navigations. Status: ok
[1709805949.182][INFO]: [2539c0ba5a1eeead7691b0e8bb60e60c] RESPONSE GetElementText "6. Zigzag Conversion"
[1709805949.191][INFO]: [2539c0ba5a1eeead7691b0e8bb60e60c] COMMAND GetElementText {
   "id": "f.43863FDD0D0D6CFD9B019A287061E9D8.d.4F36246D4FF81197E71302EEBCA2E0D6.e.58"
}
[1709805949.191][INFO]: Waiting for pending navigations...
[1709805949.192][INFO]: Done waiting for pending navigations. Status: ok
[1709805949.208][INFO]: Waiting for pending navigations...
[1709805949.209][INFO]: Done waiting for pending navigations. Status: ok
[1709805949.209][INFO]: [2539c0ba5a1eeead7691b0e8bb60e60c] RESPONSE GetElementText ""
[1709805949.213][INFO]: [2539c0ba5a1eeead7691b0e8bb60e60c] COMMAND GetElementText {
   "id": "f.43863FDD0D0D6CFD9B019A287061E9D8.d.4F36246D4FF81197E71302EEBCA2E0D6.e.59"
}
[1709805949.213][INFO]: Waiting for pending navigations...
[1709805949.214][INFO]: Done waiting for pending navigations. Status: ok
[1709805949.228][INFO]: Waiting for pending navigations...
[1709805949.229][INFO]: Done waiting for pending navigations. Status: ok
[1709805949.229][INFO]: [2539c0ba5a1eeead7691b0e8bb60e60c] RESPONSE GetElementText "7. Reverse Integer"
[1709805949.234][INFO]: [2539c0ba5a1eeead7691b0e8bb60e60c] COMMAND GetElementText {
   "id": "f.43863FDD0D0D6CFD9B019A287061E9D8.d.4F36246D4FF81197E71302EEBCA2E0D6.e.60"
}
[1709805949.234][INFO]: Waiting for pending navigations...
[1709805949.235][INFO]: Done waiting for pending navigations. Status: ok
[1709805949.249][INFO]: Waiting for pending navigations...
[1709805949.250][INFO]: Done waiting for pending navigations. Status: ok
[1709805949.250][INFO]: [2539c0ba5a1eeead7691b0e8bb60e60c] RESPONSE GetElementText ""
[1709805949.261][INFO]: [2539c0ba5a1eeead7691b0e8bb60e60c] COMMAND GetElementText {
   "id": "f.43863FDD0D0D6CFD9B019A287061E9D8.d.4F36246D4FF81197E71302EEBCA2E0D6.e.61"
}
[1709805949.261][INFO]: Waiting for pending navigations...
[1709805949.262][INFO]: Done waiting for pending navigations. Status: ok
[1709805949.277][INFO]: Waiting for pending navigations...
[1709805949.278][INFO]: Done waiting for pending navigations. Status: ok
[1709805949.278][INFO]: [2539c0ba5a1eeead7691b0e8bb60e60c] RESPONSE GetElementText "8. String to Integer (atoi)"
[1709805949.286][INFO]: [2539c0ba5a1eeead7691b0e8bb60e60c] COMMAND GetElementText {
   "id": "f.43863FDD0D0D6CFD9B019A287061E9D8.d.4F36246D4FF81197E71302EEBCA2E0D6.e.62"
}
[1709805949.286][INFO]: Waiting for pending navigations...
[1709805949.287][INFO]: Done waiting for pending navigations. Status: ok
[1709805949.300][INFO]: Waiting for pending navigations...
[1709805949.301][INFO]: Done waiting for pending navigations. Status: ok
[1709805949.301][INFO]: [2539c0ba5a1eeead7691b0e8bb60e60c] RESPONSE GetElementText ""
[1709805949.306][INFO]: [2539c0ba5a1eeead7691b0e8bb60e60c] COMMAND GetElementText {
   "id": "f.43863FDD0D0D6CFD9B019A287061E9D8.d.4F36246D4FF81197E71302EEBCA2E0D6.e.63"
}
[1709805949.306][INFO]: Waiting for pending navigations...
[1709805949.307][INFO]: Done waiting for pending navigations. Status: ok
[1709805949.317][INFO]: Waiting for pending navigations...
[1709805949.318][INFO]: Done waiting for pending navigations. Status: ok
[1709805949.318][INFO]: [2539c0ba5a1eeead7691b0e8bb60e60c] RESPONSE GetElementText "9. Palindrome Number"
[1709805949.323][INFO]: [2539c0ba5a1eeead7691b0e8bb60e60c] COMMAND GetElementText {
   "id": "f.43863FDD0D0D6CFD9B019A287061E9D8.d.4F36246D4FF81197E71302EEBCA2E0D6.e.64"
}
[1709805949.323][INFO]: Waiting for pending navigations...
[1709805949.324][INFO]: Done waiting for pending navigations. Status: ok
[1709805949.337][INFO]: Waiting for pending navigations...
[1709805949.337][INFO]: Done waiting for pending navigations. Status: ok
[1709805949.337][INFO]: [2539c0ba5a1eeead7691b0e8bb60e60c] RESPONSE GetElementText ""
[1709805949.342][INFO]: [2539c0ba5a1eeead7691b0e8bb60e60c] COMMAND GetElementText {
   "id": "f.43863FDD0D0D6CFD9B019A287061E9D8.d.4F36246D4FF81197E71302EEBCA2E0D6.e.65"
}
[1709805949.342][INFO]: Waiting for pending navigations...
[1709805949.343][INFO]: Done waiting for pending navigations. Status: ok
[1709805949.353][INFO]: Waiting for pending navigations...
[1709805949.354][INFO]: Done waiting for pending navigations. Status: ok
[1709805949.354][INFO]: [2539c0ba5a1eeead7691b0e8bb60e60c] RESPONSE GetElementText "10. Regular Expression Matching"
[1709805949.358][INFO]: [2539c0ba5a1eeead7691b0e8bb60e60c] COMMAND GetElementText {
   "id": "f.43863FDD0D0D6CFD9B019A287061E9D8.d.4F36246D4FF81197E71302EEBCA2E0D6.e.66"
}
[1709805949.358][INFO]: Waiting for pending navigations...
[1709805949.359][INFO]: Done waiting for pending navigations. Status: ok
[1709805949.372][INFO]: Waiting for pending navigations...
[1709805949.373][INFO]: Done waiting for pending navigations. Status: ok
[1709805949.373][INFO]: [2539c0ba5a1eeead7691b0e8bb60e60c] RESPONSE GetElementText ""
[1709805949.377][INFO]: [2539c0ba5a1eeead7691b0e8bb60e60c] COMMAND GetElementText {
   "id": "f.43863FDD0D0D6CFD9B019A287061E9D8.d.4F36246D4FF81197E71302EEBCA2E0D6.e.67"
}
[1709805949.377][INFO]: Waiting for pending navigations...
[1709805949.378][INFO]: Done waiting for pending navigations. Status: ok
[1709805949.388][INFO]: Waiting for pending navigations...
[1709805949.389][INFO]: Done waiting for pending navigations. Status: ok
[1709805949.389][INFO]: [2539c0ba5a1eeead7691b0e8bb60e60c] RESPONSE GetElementText "11. Container With Most Water"
[1709805949.393][INFO]: [2539c0ba5a1eeead7691b0e8bb60e60c] COMMAND GetElementText {
   "id": "f.43863FDD0D0D6CFD9B019A287061E9D8.d.4F36246D4FF81197E71302EEBCA2E0D6.e.68"
}
[1709805949.393][INFO]: Waiting for pending navigations...
[1709805949.394][INFO]: Done waiting for pending navigations. Status: ok
[1709805949.408][INFO]: Waiting for pending navigations...
[1709805949.409][INFO]: Done waiting for pending navigations. Status: ok
[1709805949.409][INFO]: [2539c0ba5a1eeead7691b0e8bb60e60c] RESPONSE GetElementText ""
[1709805949.413][INFO]: [2539c0ba5a1eeead7691b0e8bb60e60c] COMMAND GetElementText {
   "id": "f.43863FDD0D0D6CFD9B019A287061E9D8.d.4F36246D4FF81197E71302EEBCA2E0D6.e.69"
}
[1709805949.413][INFO]: Waiting for pending navigations...
[1709805949.415][INFO]: Done waiting for pending navigations. Status: ok
[1709805949.425][INFO]: Waiting for pending navigations...
[1709805949.426][INFO]: Done waiting for pending navigations. Status: ok
[1709805949.426][INFO]: [2539c0ba5a1eeead7691b0e8bb60e60c] RESPONSE GetElementText "12. Integer to Roman"
[1709805949.430][INFO]: [2539c0ba5a1eeead7691b0e8bb60e60c] COMMAND GetElementText {
   "id": "f.43863FDD0D0D6CFD9B019A287061E9D8.d.4F36246D4FF81197E71302EEBCA2E0D6.e.70"
}
[1709805949.430][INFO]: Waiting for pending navigations...
[1709805949.432][INFO]: Done waiting for pending navigations. Status: ok
[1709805949.444][INFO]: Waiting for pending navigations...
[1709805949.445][INFO]: Done waiting for pending navigations. Status: ok
[1709805949.445][INFO]: [2539c0ba5a1eeead7691b0e8bb60e60c] RESPONSE GetElementText ""
[1709805949.449][INFO]: [2539c0ba5a1eeead7691b0e8bb60e60c] COMMAND GetElementText {
   "id": "f.43863FDD0D0D6CFD9B019A287061E9D8.d.4F36246D4FF81197E71302EEBCA2E0D6.e.71"
}
[1709805949.449][INFO]: Waiting for pending navigations...
[1709805949.450][INFO]: Done waiting for pending navigations. Status: ok
[1709805949.461][INFO]: Waiting for pending navigations...
[1709805949.462][INFO]: Done waiting for pending navigations. Status: ok
[1709805949.462][INFO]: [2539c0ba5a1eeead7691b0e8bb60e60c] RESPONSE GetElementText "13. Roman to Integer"
[1709805949.466][INFO]: [2539c0ba5a1eeead7691b0e8bb60e60c] COMMAND GetElementText {
   "id": "f.43863FDD0D0D6CFD9B019A287061E9D8.d.4F36246D4FF81197E71302EEBCA2E0D6.e.72"
}
[1709805949.466][INFO]: Waiting for pending navigations...
[1709805949.467][INFO]: Done waiting for pending navigations. Status: ok
[1709805949.479][INFO]: Waiting for pending navigations...
[1709805949.480][INFO]: Done waiting for pending navigations. Status: ok
[1709805949.480][INFO]: [2539c0ba5a1eeead7691b0e8bb60e60c] RESPONSE GetElementText ""
[1709805949.484][INFO]: [2539c0ba5a1eeead7691b0e8bb60e60c] COMMAND GetElementText {
   "id": "f.43863FDD0D0D6CFD9B019A287061E9D8.d.4F36246D4FF81197E71302EEBCA2E0D6.e.73"
}
[1709805949.484][INFO]: Waiting for pending navigations...
[1709805949.485][INFO]: Done waiting for pending navigations. Status: ok
[1709805949.495][INFO]: Waiting for pending navigations...
[1709805949.496][INFO]: Done waiting for pending navigations. Status: ok
[1709805949.496][INFO]: [2539c0ba5a1eeead7691b0e8bb60e60c] RESPONSE GetElementText "14. Longest Common Prefix"
[1709805949.501][INFO]: [2539c0ba5a1eeead7691b0e8bb60e60c] COMMAND GetElementText {
   "id": "f.43863FDD0D0D6CFD9B019A287061E9D8.d.4F36246D4FF81197E71302EEBCA2E0D6.e.74"
}
[1709805949.501][INFO]: Waiting for pending navigations...
[1709805949.502][INFO]: Done waiting for pending navigations. Status: ok
[1709805949.514][INFO]: Waiting for pending navigations...
[1709805949.515][INFO]: Done waiting for pending navigations. Status: ok
[1709805949.515][INFO]: [2539c0ba5a1eeead7691b0e8bb60e60c] RESPONSE GetElementText ""
[1709805949.519][INFO]: [2539c0ba5a1eeead7691b0e8bb60e60c] COMMAND GetElementText {
   "id": "f.43863FDD0D0D6CFD9B019A287061E9D8.d.4F36246D4FF81197E71302EEBCA2E0D6.e.75"
}
[1709805949.519][INFO]: Waiting for pending navigations...
[1709805949.520][INFO]: Done waiting for pending navigations. Status: ok
[1709805949.534][INFO]: Waiting for pending navigations...
[1709805949.536][INFO]: Done waiting for pending navigations. Status: ok
[1709805949.536][INFO]: [2539c0ba5a1eeead7691b0e8bb60e60c] RESPONSE GetElementText "15. 3Sum"
[1709805949.540][INFO]: [2539c0ba5a1eeead7691b0e8bb60e60c] COMMAND GetElementText {
   "id": "f.43863FDD0D0D6CFD9B019A287061E9D8.d.4F36246D4FF81197E71302EEBCA2E0D6.e.76"
}
[1709805949.540][INFO]: Waiting for pending navigations...
[1709805949.541][INFO]: Done waiting for pending navigations. Status: ok
[1709805949.558][INFO]: Waiting for pending navigations...
[1709805949.559][INFO]: Done waiting for pending navigations. Status: ok
[1709805949.559][INFO]: [2539c0ba5a1eeead7691b0e8bb60e60c] RESPONSE GetElementText ""
[1709805949.563][INFO]: [2539c0ba5a1eeead7691b0e8bb60e60c] COMMAND GetElementText {
   "id": "f.43863FDD0D0D6CFD9B019A287061E9D8.d.4F36246D4FF81197E71302EEBCA2E0D6.e.77"
}
[1709805949.563][INFO]: Waiting for pending navigations...
[1709805949.565][INFO]: Done waiting for pending navigations. Status: ok
[1709805949.578][INFO]: Waiting for pending navigations...
[1709805949.588][INFO]: Done waiting for pending navigations. Status: ok
[1709805949.588][INFO]: [2539c0ba5a1eeead7691b0e8bb60e60c] RESPONSE GetElementText "16. 3Sum Closest"
[1709805949.594][INFO]: [2539c0ba5a1eeead7691b0e8bb60e60c] COMMAND GetElementText {
   "id": "f.43863FDD0D0D6CFD9B019A287061E9D8.d.4F36246D4FF81197E71302EEBCA2E0D6.e.78"
}
[1709805949.594][INFO]: Waiting for pending navigations...
[1709805949.595][INFO]: Done waiting for pending navigations. Status: ok
[1709805949.609][INFO]: Waiting for pending navigations...
[1709805949.609][INFO]: Done waiting for pending navigations. Status: ok
[1709805949.610][INFO]: [2539c0ba5a1eeead7691b0e8bb60e60c] RESPONSE GetElementText ""
[1709805949.614][INFO]: [2539c0ba5a1eeead7691b0e8bb60e60c] COMMAND GetElementText {
   "id": "f.43863FDD0D0D6CFD9B019A287061E9D8.d.4F36246D4FF81197E71302EEBCA2E0D6.e.79"
}
[1709805949.614][INFO]: Waiting for pending navigations...
[1709805949.616][INFO]: Done waiting for pending navigations. Status: ok
[1709805949.627][INFO]: Waiting for pending navigations...
[1709805949.628][INFO]: Done waiting for pending navigations. Status: ok
[1709805949.628][INFO]: [2539c0ba5a1eeead7691b0e8bb60e60c] RESPONSE GetElementText "17. Letter Combinations of a Phone Number"
[1709805949.632][INFO]: [2539c0ba5a1eeead7691b0e8bb60e60c] COMMAND GetElementText {
   "id": "f.43863FDD0D0D6CFD9B019A287061E9D8.d.4F36246D4FF81197E71302EEBCA2E0D6.e.80"
}
[1709805949.632][INFO]: Waiting for pending navigations...
[1709805949.634][INFO]: Done waiting for pending navigations. Status: ok
[1709805949.647][INFO]: Waiting for pending navigations...
[1709805949.648][INFO]: Done waiting for pending navigations. Status: ok
[1709805949.648][INFO]: [2539c0ba5a1eeead7691b0e8bb60e60c] RESPONSE GetElementText ""
[1709805949.652][INFO]: [2539c0ba5a1eeead7691b0e8bb60e60c] COMMAND GetElementText {
   "id": "f.43863FDD0D0D6CFD9B019A287061E9D8.d.4F36246D4FF81197E71302EEBCA2E0D6.e.81"
}
[1709805949.652][INFO]: Waiting for pending navigations...
[1709805949.653][INFO]: Done waiting for pending navigations. Status: ok
[1709805949.663][INFO]: Waiting for pending navigations...
[1709805949.664][INFO]: Done waiting for pending navigations. Status: ok
[1709805949.664][INFO]: [2539c0ba5a1eeead7691b0e8bb60e60c] RESPONSE GetElementText "18. 4Sum"
[1709805949.668][INFO]: [2539c0ba5a1eeead7691b0e8bb60e60c] COMMAND GetElementText {
   "id": "f.43863FDD0D0D6CFD9B019A287061E9D8.d.4F36246D4FF81197E71302EEBCA2E0D6.e.82"
}
[1709805949.668][INFO]: Waiting for pending navigations...
[1709805949.669][INFO]: Done waiting for pending navigations. Status: ok
[1709805949.682][INFO]: Waiting for pending navigations...
[1709805949.682][INFO]: Done waiting for pending navigations. Status: ok
[1709805949.683][INFO]: [2539c0ba5a1eeead7691b0e8bb60e60c] RESPONSE GetElementText ""
[1709805949.687][INFO]: [2539c0ba5a1eeead7691b0e8bb60e60c] COMMAND GetElementText {
   "id": "f.43863FDD0D0D6CFD9B019A287061E9D8.d.4F36246D4FF81197E71302EEBCA2E0D6.e.83"
}
[1709805949.687][INFO]: Waiting for pending navigations...
[1709805949.688][INFO]: Done waiting for pending navigations. Status: ok
[1709805949.698][INFO]: Waiting for pending navigations...
[1709805949.699][INFO]: Done waiting for pending navigations. Status: ok
[1709805949.699][INFO]: [2539c0ba5a1eeead7691b0e8bb60e60c] RESPONSE GetElementText "19. Remove Nth Node From End of List"
[1709805949.703][INFO]: [2539c0ba5a1eeead7691b0e8bb60e60c] COMMAND GetElementText {
   "id": "f.43863FDD0D0D6CFD9B019A287061E9D8.d.4F36246D4FF81197E71302EEBCA2E0D6.e.84"
}
[1709805949.703][INFO]: Waiting for pending navigations...
[1709805949.704][INFO]: Done waiting for pending navigations. Status: ok
[1709805949.716][INFO]: Waiting for pending navigations...
[1709805949.717][INFO]: Done waiting for pending navigations. Status: ok
[1709805949.717][INFO]: [2539c0ba5a1eeead7691b0e8bb60e60c] RESPONSE GetElementText ""
[1709805949.721][INFO]: [2539c0ba5a1eeead7691b0e8bb60e60c] COMMAND GetElementText {
   "id": "f.43863FDD0D0D6CFD9B019A287061E9D8.d.4F36246D4FF81197E71302EEBCA2E0D6.e.85"
}
[1709805949.721][INFO]: Waiting for pending navigations...
[1709805949.722][INFO]: Done waiting for pending navigations. Status: ok
[1709805949.732][INFO]: Waiting for pending navigations...
[1709805949.733][INFO]: Done waiting for pending navigations. Status: ok
[1709805949.733][INFO]: [2539c0ba5a1eeead7691b0e8bb60e60c] RESPONSE GetElementText "20. Valid Parentheses"
[1709805949.737][INFO]: [2539c0ba5a1eeead7691b0e8bb60e60c] COMMAND GetElementText {
   "id": "f.43863FDD0D0D6CFD9B019A287061E9D8.d.4F36246D4FF81197E71302EEBCA2E0D6.e.86"
}
[1709805949.737][INFO]: Waiting for pending navigations...
[1709805949.738][INFO]: Done waiting for pending navigations. Status: ok
[1709805949.749][INFO]: Waiting for pending navigations...
[1709805949.750][INFO]: Done waiting for pending navigations. Status: ok
[1709805949.750][INFO]: [2539c0ba5a1eeead7691b0e8bb60e60c] RESPONSE GetElementText ""
[1709805949.754][INFO]: [2539c0ba5a1eeead7691b0e8bb60e60c] COMMAND GetElementText {
   "id": "f.43863FDD0D0D6CFD9B019A287061E9D8.d.4F36246D4FF81197E71302EEBCA2E0D6.e.87"
}
[1709805949.754][INFO]: Waiting for pending navigations...
[1709805949.755][INFO]: Done waiting for pending navigations. Status: ok
[1709805949.765][INFO]: Waiting for pending navigations...
[1709805949.766][INFO]: Done waiting for pending navigations. Status: ok
[1709805949.766][INFO]: [2539c0ba5a1eeead7691b0e8bb60e60c] RESPONSE GetElementText "21. Merge Two Sorted Lists"
[1709805949.770][INFO]: [2539c0ba5a1eeead7691b0e8bb60e60c] COMMAND GetElementText {
   "id": "f.43863FDD0D0D6CFD9B019A287061E9D8.d.4F36246D4FF81197E71302EEBCA2E0D6.e.88"
}
[1709805949.770][INFO]: Waiting for pending navigations...
[1709805949.771][INFO]: Done waiting for pending navigations. Status: ok
[1709805949.782][INFO]: Waiting for pending navigations...
[1709805949.783][INFO]: Done waiting for pending navigations. Status: ok
[1709805949.784][INFO]: [2539c0ba5a1eeead7691b0e8bb60e60c] RESPONSE GetElementText ""
[1709805949.787][INFO]: [2539c0ba5a1eeead7691b0e8bb60e60c] COMMAND GetElementText {
   "id": "f.43863FDD0D0D6CFD9B019A287061E9D8.d.4F36246D4FF81197E71302EEBCA2E0D6.e.89"
}
[1709805949.787][INFO]: Waiting for pending navigations...
[1709805949.788][INFO]: Done waiting for pending navigations. Status: ok
[1709805949.799][INFO]: Waiting for pending navigations...
[1709805949.800][INFO]: Done waiting for pending navigations. Status: ok
[1709805949.800][INFO]: [2539c0ba5a1eeead7691b0e8bb60e60c] RESPONSE GetElementText "22. Generate Parentheses"
[1709805949.804][INFO]: [2539c0ba5a1eeead7691b0e8bb60e60c] COMMAND GetElementText {
   "id": "f.43863FDD0D0D6CFD9B019A287061E9D8.d.4F36246D4FF81197E71302EEBCA2E0D6.e.90"
}
[1709805949.804][INFO]: Waiting for pending navigations...
[1709805949.805][INFO]: Done waiting for pending navigations. Status: ok
[1709805949.817][INFO]: Waiting for pending navigations...
[1709805949.818][INFO]: Done waiting for pending navigations. Status: ok
[1709805949.818][INFO]: [2539c0ba5a1eeead7691b0e8bb60e60c] RESPONSE GetElementText ""
[1709805949.822][INFO]: [2539c0ba5a1eeead7691b0e8bb60e60c] COMMAND GetElementText {
   "id": "f.43863FDD0D0D6CFD9B019A287061E9D8.d.4F36246D4FF81197E71302EEBCA2E0D6.e.91"
}
[1709805949.822][INFO]: Waiting for pending navigations...
[1709805949.823][INFO]: Done waiting for pending navigations. Status: ok
[1709805949.834][INFO]: Waiting for pending navigations...
[1709805949.834][INFO]: Done waiting for pending navigations. Status: ok
[1709805949.834][INFO]: [2539c0ba5a1eeead7691b0e8bb60e60c] RESPONSE GetElementText "23. Merge k Sorted Lists"
[1709805949.838][INFO]: [2539c0ba5a1eeead7691b0e8bb60e60c] COMMAND GetElementText {
   "id": "f.43863FDD0D0D6CFD9B019A287061E9D8.d.4F36246D4FF81197E71302EEBCA2E0D6.e.92"
}
[1709805949.838][INFO]: Waiting for pending navigations...
[1709805949.839][INFO]: Done waiting for pending navigations. Status: ok
[1709805949.851][INFO]: Waiting for pending navigations...
[1709805949.852][INFO]: Done waiting for pending navigations. Status: ok
[1709805949.852][INFO]: [2539c0ba5a1eeead7691b0e8bb60e60c] RESPONSE GetElementText ""
[1709805949.856][INFO]: [2539c0ba5a1eeead7691b0e8bb60e60c] COMMAND GetElementText {
   "id": "f.43863FDD0D0D6CFD9B019A287061E9D8.d.4F36246D4FF81197E71302EEBCA2E0D6.e.93"
}
[1709805949.856][INFO]: Waiting for pending navigations...
[1709805949.857][INFO]: Done waiting for pending navigations. Status: ok
[1709805949.867][INFO]: Waiting for pending navigations...
[1709805949.868][INFO]: Done waiting for pending navigations. Status: ok
[1709805949.868][INFO]: [2539c0ba5a1eeead7691b0e8bb60e60c] RESPONSE GetElementText "24. Swap Nodes in Pairs"
[1709805949.872][INFO]: [2539c0ba5a1eeead7691b0e8bb60e60c] COMMAND GetElementText {
   "id": "f.43863FDD0D0D6CFD9B019A287061E9D8.d.4F36246D4FF81197E71302EEBCA2E0D6.e.94"
}
[1709805949.872][INFO]: Waiting for pending navigations...
[1709805949.873][INFO]: Done waiting for pending navigations. Status: ok
[1709805949.885][INFO]: Waiting for pending navigations...
[1709805949.886][INFO]: Done waiting for pending navigations. Status: ok
[1709805949.886][INFO]: [2539c0ba5a1eeead7691b0e8bb60e60c] RESPONSE GetElementText ""
[1709805949.890][INFO]: [2539c0ba5a1eeead7691b0e8bb60e60c] COMMAND GetElementText {
   "id": "f.43863FDD0D0D6CFD9B019A287061E9D8.d.4F36246D4FF81197E71302EEBCA2E0D6.e.95"
}
[1709805949.890][INFO]: Waiting for pending navigations...
[1709805949.891][INFO]: Done waiting for pending navigations. Status: ok
[1709805949.902][INFO]: Waiting for pending navigations...
[1709805949.903][INFO]: Done waiting for pending navigations. Status: ok
[1709805949.903][INFO]: [2539c0ba5a1eeead7691b0e8bb60e60c] RESPONSE GetElementText "25. Reverse Nodes in k-Group"
[1709805949.907][INFO]: [2539c0ba5a1eeead7691b0e8bb60e60c] COMMAND GetElementText {
   "id": "f.43863FDD0D0D6CFD9B019A287061E9D8.d.4F36246D4FF81197E71302EEBCA2E0D6.e.96"
}
[1709805949.907][INFO]: Waiting for pending navigations...
[1709805949.908][INFO]: Done waiting for pending navigations. Status: ok
[1709805949.920][INFO]: Waiting for pending navigations...
[1709805949.921][INFO]: Done waiting for pending navigations. Status: ok
[1709805949.921][INFO]: [2539c0ba5a1eeead7691b0e8bb60e60c] RESPONSE GetElementText ""
[1709805949.925][INFO]: [2539c0ba5a1eeead7691b0e8bb60e60c] COMMAND GetElementText {
   "id": "f.43863FDD0D0D6CFD9B019A287061E9D8.d.4F36246D4FF81197E71302EEBCA2E0D6.e.97"
}
[1709805949.925][INFO]: Waiting for pending navigations...
[1709805949.926][INFO]: Done waiting for pending navigations. Status: ok
[1709805949.936][INFO]: Waiting for pending navigations...
[1709805949.937][INFO]: Done waiting for pending navigations. Status: ok
[1709805949.937][INFO]: [2539c0ba5a1eeead7691b0e8bb60e60c] RESPONSE GetElementText "26. Remove Duplicates from Sorted Array"
[1709805949.941][INFO]: [2539c0ba5a1eeead7691b0e8bb60e60c] COMMAND GetElementText {
   "id": "f.43863FDD0D0D6CFD9B019A287061E9D8.d.4F36246D4FF81197E71302EEBCA2E0D6.e.98"
}
[1709805949.941][INFO]: Waiting for pending navigations...
[1709805949.942][INFO]: Done waiting for pending navigations. Status: ok
[1709805949.954][INFO]: Waiting for pending navigations...
[1709805949.955][INFO]: Done waiting for pending navigations. Status: ok
[1709805949.955][INFO]: [2539c0ba5a1eeead7691b0e8bb60e60c] RESPONSE GetElementText ""
[1709805949.958][INFO]: [2539c0ba5a1eeead7691b0e8bb60e60c] COMMAND GetElementText {
   "id": "f.43863FDD0D0D6CFD9B019A287061E9D8.d.4F36246D4FF81197E71302EEBCA2E0D6.e.99"
}
[1709805949.958][INFO]: Waiting for pending navigations...
[1709805949.959][INFO]: Done waiting for pending navigations. Status: ok
[1709805949.969][INFO]: Waiting for pending navigations...
[1709805949.970][INFO]: Done waiting for pending navigations. Status: ok
[1709805949.970][INFO]: [2539c0ba5a1eeead7691b0e8bb60e60c] RESPONSE GetElementText "27. Remove Element"
[1709805949.974][INFO]: [2539c0ba5a1eeead7691b0e8bb60e60c] COMMAND GetElementText {
   "id": "f.43863FDD0D0D6CFD9B019A287061E9D8.d.4F36246D4FF81197E71302EEBCA2E0D6.e.100"
}
[1709805949.974][INFO]: Waiting for pending navigations...
[1709805949.975][INFO]: Done waiting for pending navigations. Status: ok
[1709805949.986][INFO]: Waiting for pending navigations...
[1709805949.987][INFO]: Done waiting for pending navigations. Status: ok
[1709805949.987][INFO]: [2539c0ba5a1eeead7691b0e8bb60e60c] RESPONSE GetElementText ""
[1709805949.991][INFO]: [2539c0ba5a1eeead7691b0e8bb60e60c] COMMAND GetElementText {
   "id": "f.43863FDD0D0D6CFD9B019A287061E9D8.d.4F36246D4FF81197E71302EEBCA2E0D6.e.101"
}
[1709805949.991][INFO]: Waiting for pending navigations...
[1709805950.012][INFO]: Done waiting for pending navigations. Status: ok
[1709805950.034][INFO]: Waiting for pending navigations...
[1709805950.035][INFO]: Done waiting for pending navigations. Status: ok
[1709805950.035][INFO]: [2539c0ba5a1eeead7691b0e8bb60e60c] RESPONSE GetElementText "28. Find the Index of the First Occurrence in a String"
[1709805950.038][INFO]: [2539c0ba5a1eeead7691b0e8bb60e60c] COMMAND GetElementText {
   "id": "f.43863FDD0D0D6CFD9B019A287061E9D8.d.4F36246D4FF81197E71302EEBCA2E0D6.e.102"
}
[1709805950.038][INFO]: Waiting for pending navigations...
[1709805950.039][INFO]: Done waiting for pending navigations. Status: ok
[1709805950.052][INFO]: Waiting for pending navigations...
[1709805950.053][INFO]: Done waiting for pending navigations. Status: ok
[1709805950.053][INFO]: [2539c0ba5a1eeead7691b0e8bb60e60c] RESPONSE GetElementText ""
[1709805950.056][INFO]: [2539c0ba5a1eeead7691b0e8bb60e60c] COMMAND GetElementText {
   "id": "f.43863FDD0D0D6CFD9B019A287061E9D8.d.4F36246D4FF81197E71302EEBCA2E0D6.e.103"
}
[1709805950.056][INFO]: Waiting for pending navigations...
[1709805950.057][INFO]: Done waiting for pending navigations. Status: ok
[1709805950.068][INFO]: Waiting for pending navigations...
[1709805950.069][INFO]: Done waiting for pending navigations. Status: ok
[1709805950.069][INFO]: [2539c0ba5a1eeead7691b0e8bb60e60c] RESPONSE GetElementText "29. Divide Two Integers"
[1709805950.073][INFO]: [2539c0ba5a1eeead7691b0e8bb60e60c] COMMAND GetElementText {
   "id": "f.43863FDD0D0D6CFD9B019A287061E9D8.d.4F36246D4FF81197E71302EEBCA2E0D6.e.104"
}
[1709805950.073][INFO]: Waiting for pending navigations...
[1709805950.074][INFO]: Done waiting for pending navigations. Status: ok
[1709805950.086][INFO]: Waiting for pending navigations...
[1709805950.087][INFO]: Done waiting for pending navigations. Status: ok
[1709805950.087][INFO]: [2539c0ba5a1eeead7691b0e8bb60e60c] RESPONSE GetElementText ""
[1709805950.091][INFO]: [2539c0ba5a1eeead7691b0e8bb60e60c] COMMAND GetElementText {
   "id": "f.43863FDD0D0D6CFD9B019A287061E9D8.d.4F36246D4FF81197E71302EEBCA2E0D6.e.105"
}
[1709805950.091][INFO]: Waiting for pending navigations...
[1709805950.092][INFO]: Done waiting for pending navigations. Status: ok
[1709805950.103][INFO]: Waiting for pending navigations...
[1709805950.104][INFO]: Done waiting for pending navigations. Status: ok
[1709805950.104][INFO]: [2539c0ba5a1eeead7691b0e8bb60e60c] RESPONSE GetElementText "30. Substring with Concatenation of All Words"
[1709805950.108][INFO]: [2539c0ba5a1eeead7691b0e8bb60e60c] COMMAND GetElementText {
   "id": "f.43863FDD0D0D6CFD9B019A287061E9D8.d.4F36246D4FF81197E71302EEBCA2E0D6.e.106"
}
[1709805950.108][INFO]: Waiting for pending navigations...
[1709805950.109][INFO]: Done waiting for pending navigations. Status: ok
[1709805950.122][INFO]: Waiting for pending navigations...
[1709805950.122][INFO]: Done waiting for pending navigations. Status: ok
[1709805950.122][INFO]: [2539c0ba5a1eeead7691b0e8bb60e60c] RESPONSE GetElementText ""
[1709805950.126][INFO]: [2539c0ba5a1eeead7691b0e8bb60e60c] COMMAND GetElementText {
   "id": "f.43863FDD0D0D6CFD9B019A287061E9D8.d.4F36246D4FF81197E71302EEBCA2E0D6.e.107"
}
[1709805950.126][INFO]: Waiting for pending navigations...
[1709805950.127][INFO]: Done waiting for pending navigations. Status: ok
[1709805950.141][INFO]: Waiting for pending navigations...
[1709805950.143][INFO]: Done waiting for pending navigations. Status: ok
[1709805950.143][INFO]: [2539c0ba5a1eeead7691b0e8bb60e60c] RESPONSE GetElementText "31. Next Permutation"
[1709805950.149][INFO]: [2539c0ba5a1eeead7691b0e8bb60e60c] COMMAND GetElementText {
   "id": "f.43863FDD0D0D6CFD9B019A287061E9D8.d.4F36246D4FF81197E71302EEBCA2E0D6.e.108"
}
[1709805950.149][INFO]: Waiting for pending navigations...
[1709805950.151][INFO]: Done waiting for pending navigations. Status: ok
[1709805950.163][INFO]: Waiting for pending navigations...
[1709805950.164][INFO]: Done waiting for pending navigations. Status: ok
[1709805950.164][INFO]: [2539c0ba5a1eeead7691b0e8bb60e60c] RESPONSE GetElementText ""
[1709805950.168][INFO]: [2539c0ba5a1eeead7691b0e8bb60e60c] COMMAND GetElementText {
   "id": "f.43863FDD0D0D6CFD9B019A287061E9D8.d.4F36246D4FF81197E71302EEBCA2E0D6.e.109"
}
[1709805950.168][INFO]: Waiting for pending navigations...
[1709805950.169][INFO]: Done waiting for pending navigations. Status: ok
[1709805950.180][INFO]: Waiting for pending navigations...
[1709805950.181][INFO]: Done waiting for pending navigations. Status: ok
[1709805950.181][INFO]: [2539c0ba5a1eeead7691b0e8bb60e60c] RESPONSE GetElementText "32. Longest Valid Parentheses"
[1709805950.185][INFO]: [2539c0ba5a1eeead7691b0e8bb60e60c] COMMAND GetElementText {
   "id": "f.43863FDD0D0D6CFD9B019A287061E9D8.d.4F36246D4FF81197E71302EEBCA2E0D6.e.110"
}
[1709805950.185][INFO]: Waiting for pending navigations...
[1709805950.186][INFO]: Done waiting for pending navigations. Status: ok
[1709805950.199][INFO]: Waiting for pending navigations...
[1709805950.200][INFO]: Done waiting for pending navigations. Status: ok
[1709805950.200][INFO]: [2539c0ba5a1eeead7691b0e8bb60e60c] RESPONSE GetElementText ""
[1709805950.204][INFO]: [2539c0ba5a1eeead7691b0e8bb60e60c] COMMAND GetElementText {
   "id": "f.43863FDD0D0D6CFD9B019A287061E9D8.d.4F36246D4FF81197E71302EEBCA2E0D6.e.111"
}
[1709805950.204][INFO]: Waiting for pending navigations...
[1709805950.205][INFO]: Done waiting for pending navigations. Status: ok
[1709805950.217][INFO]: Waiting for pending navigations...
[1709805950.218][INFO]: Done waiting for pending navigations. Status: ok
[1709805950.218][INFO]: [2539c0ba5a1eeead7691b0e8bb60e60c] RESPONSE GetElementText "33. Search in Rotated Sorted Array"
[1709805950.221][INFO]: [2539c0ba5a1eeead7691b0e8bb60e60c] COMMAND GetElementText {
   "id": "f.43863FDD0D0D6CFD9B019A287061E9D8.d.4F36246D4FF81197E71302EEBCA2E0D6.e.112"
}
[1709805950.222][INFO]: Waiting for pending navigations...
[1709805950.223][INFO]: Done waiting for pending navigations. Status: ok
[1709805950.235][INFO]: Waiting for pending navigations...
[1709805950.236][INFO]: Done waiting for pending navigations. Status: ok
[1709805950.236][INFO]: [2539c0ba5a1eeead7691b0e8bb60e60c] RESPONSE GetElementText ""
[1709805950.239][INFO]: [2539c0ba5a1eeead7691b0e8bb60e60c] COMMAND GetElementText {
   "id": "f.43863FDD0D0D6CFD9B019A287061E9D8.d.4F36246D4FF81197E71302EEBCA2E0D6.e.113"
}
[1709805950.240][INFO]: Waiting for pending navigations...
[1709805950.240][INFO]: Done waiting for pending navigations. Status: ok
[1709805950.251][INFO]: Waiting for pending navigations...
[1709805950.251][INFO]: Done waiting for pending navigations. Status: ok
[1709805950.251][INFO]: [2539c0ba5a1eeead7691b0e8bb60e60c] RESPONSE GetElementText "34. Find First and Last Position of Element in Sorted Array"
[1709805950.256][INFO]: [2539c0ba5a1eeead7691b0e8bb60e60c] COMMAND GetElementText {
   "id": "f.43863FDD0D0D6CFD9B019A287061E9D8.d.4F36246D4FF81197E71302EEBCA2E0D6.e.114"
}
[1709805950.256][INFO]: Waiting for pending navigations...
[1709805950.257][INFO]: Done waiting for pending navigations. Status: ok
[1709805950.269][INFO]: Waiting for pending navigations...
[1709805950.270][INFO]: Done waiting for pending navigations. Status: ok
[1709805950.270][INFO]: [2539c0ba5a1eeead7691b0e8bb60e60c] RESPONSE GetElementText ""
[1709805950.273][INFO]: [2539c0ba5a1eeead7691b0e8bb60e60c] COMMAND GetElementText {
   "id": "f.43863FDD0D0D6CFD9B019A287061E9D8.d.4F36246D4FF81197E71302EEBCA2E0D6.e.115"
}
[1709805950.273][INFO]: Waiting for pending navigations...
[1709805950.274][INFO]: Done waiting for pending navigations. Status: ok
[1709805950.285][INFO]: Waiting for pending navigations...
[1709805950.286][INFO]: Done waiting for pending navigations. Status: ok
[1709805950.286][INFO]: [2539c0ba5a1eeead7691b0e8bb60e60c] RESPONSE GetElementText "35. Search Insert Position"
[1709805950.289][INFO]: [2539c0ba5a1eeead7691b0e8bb60e60c] COMMAND GetElementText {
   "id": "f.43863FDD0D0D6CFD9B019A287061E9D8.d.4F36246D4FF81197E71302EEBCA2E0D6.e.116"
}
[1709805950.289][INFO]: Waiting for pending navigations...
[1709805950.290][INFO]: Done waiting for pending navigations. Status: ok
[1709805950.303][INFO]: Waiting for pending navigations...
[1709805950.304][INFO]: Done waiting for pending navigations. Status: ok
[1709805950.304][INFO]: [2539c0ba5a1eeead7691b0e8bb60e60c] RESPONSE GetElementText ""
[1709805950.308][INFO]: [2539c0ba5a1eeead7691b0e8bb60e60c] COMMAND GetElementText {
   "id": "f.43863FDD0D0D6CFD9B019A287061E9D8.d.4F36246D4FF81197E71302EEBCA2E0D6.e.117"
}
[1709805950.308][INFO]: Waiting for pending navigations...
[1709805950.309][INFO]: Done waiting for pending navigations. Status: ok
[1709805950.320][INFO]: Waiting for pending navigations...
[1709805950.321][INFO]: Done waiting for pending navigations. Status: ok
[1709805950.321][INFO]: [2539c0ba5a1eeead7691b0e8bb60e60c] RESPONSE GetElementText "36. Valid Sudoku"
[1709805950.325][INFO]: [2539c0ba5a1eeead7691b0e8bb60e60c] COMMAND GetElementText {
   "id": "f.43863FDD0D0D6CFD9B019A287061E9D8.d.4F36246D4FF81197E71302EEBCA2E0D6.e.118"
}
[1709805950.325][INFO]: Waiting for pending navigations...
[1709805950.326][INFO]: Done waiting for pending navigations. Status: ok
[1709805950.340][INFO]: Waiting for pending navigations...
[1709805950.341][INFO]: Done waiting for pending navigations. Status: ok
[1709805950.341][INFO]: [2539c0ba5a1eeead7691b0e8bb60e60c] RESPONSE GetElementText ""
[1709805950.345][INFO]: [2539c0ba5a1eeead7691b0e8bb60e60c] COMMAND GetElementText {
   "id": "f.43863FDD0D0D6CFD9B019A287061E9D8.d.4F36246D4FF81197E71302EEBCA2E0D6.e.119"
}
[1709805950.345][INFO]: Waiting for pending navigations...
[1709805950.346][INFO]: Done waiting for pending navigations. Status: ok
[1709805950.356][INFO]: Waiting for pending navigations...
[1709805950.357][INFO]: Done waiting for pending navigations. Status: ok
[1709805950.357][INFO]: [2539c0ba5a1eeead7691b0e8bb60e60c] RESPONSE GetElementText "37. Sudoku Solver"
[1709805950.361][INFO]: [2539c0ba5a1eeead7691b0e8bb60e60c] COMMAND GetElementText {
   "id": "f.43863FDD0D0D6CFD9B019A287061E9D8.d.4F36246D4FF81197E71302EEBCA2E0D6.e.120"
}
[1709805950.361][INFO]: Waiting for pending navigations...
[1709805950.363][INFO]: Done waiting for pending navigations. Status: ok
[1709805950.376][INFO]: Waiting for pending navigations...
[1709805950.377][INFO]: Done waiting for pending navigations. Status: ok
[1709805950.377][INFO]: [2539c0ba5a1eeead7691b0e8bb60e60c] RESPONSE GetElementText ""
[1709805950.380][INFO]: [2539c0ba5a1eeead7691b0e8bb60e60c] COMMAND GetElementText {
   "id": "f.43863FDD0D0D6CFD9B019A287061E9D8.d.4F36246D4FF81197E71302EEBCA2E0D6.e.121"
}
[1709805950.380][INFO]: Waiting for pending navigations...
[1709805950.381][INFO]: Done waiting for pending navigations. Status: ok
[1709805950.392][INFO]: Waiting for pending navigations...
[1709805950.393][INFO]: Done waiting for pending navigations. Status: ok
[1709805950.393][INFO]: [2539c0ba5a1eeead7691b0e8bb60e60c] RESPONSE GetElementText "38. Count and Say"
[1709805950.396][INFO]: [2539c0ba5a1eeead7691b0e8bb60e60c] COMMAND GetElementText {
   "id": "f.43863FDD0D0D6CFD9B019A287061E9D8.d.4F36246D4FF81197E71302EEBCA2E0D6.e.122"
}
[1709805950.396][INFO]: Waiting for pending navigations...
[1709805950.397][INFO]: Done waiting for pending navigations. Status: ok
[1709805950.408][INFO]: Waiting for pending navigations...
[1709805950.408][INFO]: Done waiting for pending navigations. Status: ok
[1709805950.409][INFO]: [2539c0ba5a1eeead7691b0e8bb60e60c] RESPONSE GetElementText "39. Combination Sum"
[1709805950.412][INFO]: [2539c0ba5a1eeead7691b0e8bb60e60c] COMMAND GetElementText {
   "id": "f.43863FDD0D0D6CFD9B019A287061E9D8.d.4F36246D4FF81197E71302EEBCA2E0D6.e.123"
}
[1709805950.412][INFO]: Waiting for pending navigations...
[1709805950.413][INFO]: Done waiting for pending navigations. Status: ok
[1709805950.425][INFO]: Waiting for pending navigations...
[1709805950.427][INFO]: Done waiting for pending navigations. Status: ok
[1709805950.427][INFO]: [2539c0ba5a1eeead7691b0e8bb60e60c] RESPONSE GetElementText ""
[1709805950.430][INFO]: [2539c0ba5a1eeead7691b0e8bb60e60c] COMMAND GetElementText {
   "id": "f.43863FDD0D0D6CFD9B019A287061E9D8.d.4F36246D4FF81197E71302EEBCA2E0D6.e.124"
}
[1709805950.430][INFO]: Waiting for pending navigations...
[1709805950.431][INFO]: Done waiting for pending navigations. Status: ok
[1709805950.442][INFO]: Waiting for pending navigations...
[1709805950.443][INFO]: Done waiting for pending navigations. Status: ok
[1709805950.443][INFO]: [2539c0ba5a1eeead7691b0e8bb60e60c] RESPONSE GetElementText "40. Combination Sum II"
[1709805950.446][INFO]: [2539c0ba5a1eeead7691b0e8bb60e60c] COMMAND GetElementText {
   "id": "f.43863FDD0D0D6CFD9B019A287061E9D8.d.4F36246D4FF81197E71302EEBCA2E0D6.e.125"
}
[1709805950.446][INFO]: Waiting for pending navigations...
[1709805950.447][INFO]: Done waiting for pending navigations. Status: ok
[1709805950.458][INFO]: Waiting for pending navigations...
[1709805950.496][INFO]: Done waiting for pending navigations. Status: ok
[1709805950.496][INFO]: [2539c0ba5a1eeead7691b0e8bb60e60c] RESPONSE GetElementText "41. First Missing Positive"
[1709805950.500][INFO]: [2539c0ba5a1eeead7691b0e8bb60e60c] COMMAND GetElementText {
   "id": "f.43863FDD0D0D6CFD9B019A287061E9D8.d.4F36246D4FF81197E71302EEBCA2E0D6.e.126"
}
[1709805950.500][INFO]: Waiting for pending navigations...
[1709805950.501][INFO]: Done waiting for pending navigations. Status: ok
[1709805950.515][INFO]: Waiting for pending navigations...
[1709805950.516][INFO]: Done waiting for pending navigations. Status: ok
[1709805950.516][INFO]: [2539c0ba5a1eeead7691b0e8bb60e60c] RESPONSE GetElementText ""
[1709805950.520][INFO]: [2539c0ba5a1eeead7691b0e8bb60e60c] COMMAND GetElementText {
   "id": "f.43863FDD0D0D6CFD9B019A287061E9D8.d.4F36246D4FF81197E71302EEBCA2E0D6.e.127"
}
[1709805950.520][INFO]: Waiting for pending navigations...
[1709805950.521][INFO]: Done waiting for pending navigations. Status: ok
[1709805950.531][INFO]: Waiting for pending navigations...
[1709805950.532][INFO]: Done waiting for pending navigations. Status: ok
[1709805950.532][INFO]: [2539c0ba5a1eeead7691b0e8bb60e60c] RESPONSE GetElementText "42. Trapping Rain Water"
[1709805950.536][INFO]: [2539c0ba5a1eeead7691b0e8bb60e60c] COMMAND GetElementText {
   "id": "f.43863FDD0D0D6CFD9B019A287061E9D8.d.4F36246D4FF81197E71302EEBCA2E0D6.e.128"
}
[1709805950.536][INFO]: Waiting for pending navigations...
[1709805950.537][INFO]: Done waiting for pending navigations. Status: ok
[1709805950.552][INFO]: Waiting for pending navigations...
[1709805950.553][INFO]: Done waiting for pending navigations. Status: ok
[1709805950.553][INFO]: [2539c0ba5a1eeead7691b0e8bb60e60c] RESPONSE GetElementText ""
[1709805950.558][INFO]: [2539c0ba5a1eeead7691b0e8bb60e60c] COMMAND GetElementText {
   "id": "f.43863FDD0D0D6CFD9B019A287061E9D8.d.4F36246D4FF81197E71302EEBCA2E0D6.e.129"
}
[1709805950.558][INFO]: Waiting for pending navigations...
[1709805950.559][INFO]: Done waiting for pending navigations. Status: ok
[1709805950.573][INFO]: Waiting for pending navigations...
[1709805950.574][INFO]: Done waiting for pending navigations. Status: ok
[1709805950.574][INFO]: [2539c0ba5a1eeead7691b0e8bb60e60c] RESPONSE GetElementText "43. Multiply Strings"
[1709805950.577][INFO]: [2539c0ba5a1eeead7691b0e8bb60e60c] COMMAND GetElementText {
   "id": "f.43863FDD0D0D6CFD9B019A287061E9D8.d.4F36246D4FF81197E71302EEBCA2E0D6.e.130"
}
[1709805950.577][INFO]: Waiting for pending navigations...
[1709805950.579][INFO]: Done waiting for pending navigations. Status: ok
[1709805950.610][INFO]: Waiting for pending navigations...
[1709805950.611][INFO]: Done waiting for pending navigations. Status: ok
[1709805950.611][INFO]: [2539c0ba5a1eeead7691b0e8bb60e60c] RESPONSE GetElementText ""
[1709805950.616][INFO]: [2539c0ba5a1eeead7691b0e8bb60e60c] COMMAND GetElementText {
   "id": "f.43863FDD0D0D6CFD9B019A287061E9D8.d.4F36246D4FF81197E71302EEBCA2E0D6.e.131"
}
[1709805950.616][INFO]: Waiting for pending navigations...
[1709805950.617][INFO]: Done waiting for pending navigations. Status: ok
[1709805950.628][INFO]: Waiting for pending navigations...
[1709805950.629][INFO]: Done waiting for pending navigations. Status: ok
[1709805950.629][INFO]: [2539c0ba5a1eeead7691b0e8bb60e60c] RESPONSE GetElementText "44. Wildcard Matching"
[1709805950.633][INFO]: [2539c0ba5a1eeead7691b0e8bb60e60c] COMMAND GetElementText {
   "id": "f.43863FDD0D0D6CFD9B019A287061E9D8.d.4F36246D4FF81197E71302EEBCA2E0D6.e.132"
}
[1709805950.633][INFO]: Waiting for pending navigations...
[1709805950.634][INFO]: Done waiting for pending navigations. Status: ok
[1709805950.646][INFO]: Waiting for pending navigations...
[1709805950.647][INFO]: Done waiting for pending navigations. Status: ok
[1709805950.647][INFO]: [2539c0ba5a1eeead7691b0e8bb60e60c] RESPONSE GetElementText ""
[1709805950.650][INFO]: [2539c0ba5a1eeead7691b0e8bb60e60c] COMMAND GetElementText {
   "id": "f.43863FDD0D0D6CFD9B019A287061E9D8.d.4F36246D4FF81197E71302EEBCA2E0D6.e.133"
}
[1709805950.651][INFO]: Waiting for pending navigations...
[1709805950.651][INFO]: Done waiting for pending navigations. Status: ok
[1709805950.663][INFO]: Waiting for pending navigations...
[1709805950.664][INFO]: Done waiting for pending navigations. Status: ok
[1709805950.664][INFO]: [2539c0ba5a1eeead7691b0e8bb60e60c] RESPONSE GetElementText "45. Jump Game II"
[1709805950.668][INFO]: [2539c0ba5a1eeead7691b0e8bb60e60c] COMMAND GetElementText {
   "id": "f.43863FDD0D0D6CFD9B019A287061E9D8.d.4F36246D4FF81197E71302EEBCA2E0D6.e.134"
}
[1709805950.668][INFO]: Waiting for pending navigations...
[1709805950.669][INFO]: Done waiting for pending navigations. Status: ok
[1709805950.681][INFO]: Waiting for pending navigations...
[1709805950.682][INFO]: Done waiting for pending navigations. Status: ok
[1709805950.682][INFO]: [2539c0ba5a1eeead7691b0e8bb60e60c] RESPONSE GetElementText ""
[1709805950.686][INFO]: [2539c0ba5a1eeead7691b0e8bb60e60c] COMMAND GetElementText {
   "id": "f.43863FDD0D0D6CFD9B019A287061E9D8.d.4F36246D4FF81197E71302EEBCA2E0D6.e.135"
}
[1709805950.686][INFO]: Waiting for pending navigations...
[1709805950.687][INFO]: Done waiting for pending navigations. Status: ok
[1709805950.698][INFO]: Waiting for pending navigations...
[1709805950.699][INFO]: Done waiting for pending navigations. Status: ok
[1709805950.699][INFO]: [2539c0ba5a1eeead7691b0e8bb60e60c] RESPONSE GetElementText "46. Permutations"
[1709805950.702][INFO]: [2539c0ba5a1eeead7691b0e8bb60e60c] COMMAND GetElementText {
   "id": "f.43863FDD0D0D6CFD9B019A287061E9D8.d.4F36246D4FF81197E71302EEBCA2E0D6.e.136"
}
[1709805950.702][INFO]: Waiting for pending navigations...
[1709805950.703][INFO]: Done waiting for pending navigations. Status: ok
[1709805950.715][INFO]: Waiting for pending navigations...
[1709805950.716][INFO]: Done waiting for pending navigations. Status: ok
[1709805950.716][INFO]: [2539c0ba5a1eeead7691b0e8bb60e60c] RESPONSE GetElementText ""
[1709805950.720][INFO]: [2539c0ba5a1eeead7691b0e8bb60e60c] COMMAND GetElementText {
   "id": "f.43863FDD0D0D6CFD9B019A287061E9D8.d.4F36246D4FF81197E71302EEBCA2E0D6.e.137"
}
[1709805950.720][INFO]: Waiting for pending navigations...
[1709805950.721][INFO]: Done waiting for pending navigations. Status: ok
[1709805950.731][INFO]: Waiting for pending navigations...
[1709805950.732][INFO]: Done waiting for pending navigations. Status: ok
[1709805950.732][INFO]: [2539c0ba5a1eeead7691b0e8bb60e60c] RESPONSE GetElementText "47. Permutations II"
[1709805950.735][INFO]: [2539c0ba5a1eeead7691b0e8bb60e60c] COMMAND GetElementText {
   "id": "f.43863FDD0D0D6CFD9B019A287061E9D8.d.4F36246D4FF81197E71302EEBCA2E0D6.e.138"
}
[1709805950.735][INFO]: Waiting for pending navigations...
[1709805950.736][INFO]: Done waiting for pending navigations. Status: ok
[1709805950.749][INFO]: Waiting for pending navigations...
[1709805950.750][INFO]: Done waiting for pending navigations. Status: ok
[1709805950.750][INFO]: [2539c0ba5a1eeead7691b0e8bb60e60c] RESPONSE GetElementText ""
[1709805950.753][INFO]: [2539c0ba5a1eeead7691b0e8bb60e60c] COMMAND GetElementText {
   "id": "f.43863FDD0D0D6CFD9B019A287061E9D8.d.4F36246D4FF81197E71302EEBCA2E0D6.e.139"
}
[1709805950.753][INFO]: Waiting for pending navigations...
[1709805950.754][INFO]: Done waiting for pending navigations. Status: ok
[1709805950.765][INFO]: Waiting for pending navigations...
[1709805950.765][INFO]: Done waiting for pending navigations. Status: ok
[1709805950.765][INFO]: [2539c0ba5a1eeead7691b0e8bb60e60c] RESPONSE GetElementText "48. Rotate Image"
[1709805950.769][INFO]: [2539c0ba5a1eeead7691b0e8bb60e60c] COMMAND GetElementText {
   "id": "f.43863FDD0D0D6CFD9B019A287061E9D8.d.4F36246D4FF81197E71302EEBCA2E0D6.e.140"
}
[1709805950.770][INFO]: Waiting for pending navigations...
[1709805950.770][INFO]: Done waiting for pending navigations. Status: ok
[1709805950.786][INFO]: Waiting for pending navigations...
[1709805950.788][INFO]: Done waiting for pending navigations. Status: ok
[1709805950.788][INFO]: [2539c0ba5a1eeead7691b0e8bb60e60c] RESPONSE GetElementText ""
[1709805950.791][INFO]: [2539c0ba5a1eeead7691b0e8bb60e60c] COMMAND GetElementText {
   "id": "f.43863FDD0D0D6CFD9B019A287061E9D8.d.4F36246D4FF81197E71302EEBCA2E0D6.e.141"
}
[1709805950.791][INFO]: Waiting for pending navigations...
[1709805950.792][INFO]: Done waiting for pending navigations. Status: ok
[1709805950.803][INFO]: Waiting for pending navigations...
[1709805950.803][INFO]: Done waiting for pending navigations. Status: ok
[1709805950.804][INFO]: [2539c0ba5a1eeead7691b0e8bb60e60c] RESPONSE GetElementText "49. Group Anagrams"
[1709805950.807][INFO]: [2539c0ba5a1eeead7691b0e8bb60e60c] COMMAND GetElementText {
   "id": "f.43863FDD0D0D6CFD9B019A287061E9D8.d.4F36246D4FF81197E71302EEBCA2E0D6.e.142"
}
[1709805950.807][INFO]: Waiting for pending navigations...
[1709805950.811][INFO]: Done waiting for pending navigations. Status: ok
[1709805950.827][INFO]: Waiting for pending navigations...
[1709805950.828][INFO]: Done waiting for pending navigations. Status: ok
[1709805950.828][INFO]: [2539c0ba5a1eeead7691b0e8bb60e60c] RESPONSE GetElementText ""
[1709805950.832][INFO]: [2539c0ba5a1eeead7691b0e8bb60e60c] COMMAND GetElementText {
   "id": "f.43863FDD0D0D6CFD9B019A287061E9D8.d.4F36246D4FF81197E71302EEBCA2E0D6.e.143"
}
[1709805950.832][INFO]: Waiting for pending navigations...
[1709805950.833][INFO]: Done waiting for pending navigations. Status: ok
[1709805950.843][INFO]: Waiting for pending navigations...
[1709805950.844][INFO]: Done waiting for pending navigations. Status: ok
[1709805950.844][INFO]: [2539c0ba5a1eeead7691b0e8bb60e60c] RESPONSE GetElementText "50. Pow(x, n)"
[1709805950.848][INFO]: [2539c0ba5a1eeead7691b0e8bb60e60c] COMMAND GetElementText {
   "id": "f.43863FDD0D0D6CFD9B019A287061E9D8.d.4F36246D4FF81197E71302EEBCA2E0D6.e.144"
}
[1709805950.848][INFO]: Waiting for pending navigations...
[1709805950.849][INFO]: Done waiting for pending navigations. Status: ok
[1709805950.861][INFO]: Waiting for pending navigations...
[1709805950.862][INFO]: Done waiting for pending navigations. Status: ok
[1709805950.862][INFO]: [2539c0ba5a1eeead7691b0e8bb60e60c] RESPONSE GetElementText ""
[1709805950.866][INFO]: [2539c0ba5a1eeead7691b0e8bb60e60c] COMMAND GetElementText {
   "id": "f.43863FDD0D0D6CFD9B019A287061E9D8.d.4F36246D4FF81197E71302EEBCA2E0D6.e.145"
}
[1709805950.866][INFO]: Waiting for pending navigations...
[1709805950.867][INFO]: Done waiting for pending navigations. Status: ok
[1709805950.878][INFO]: Waiting for pending navigations...
[1709805950.879][INFO]: Done waiting for pending navigations. Status: ok
[1709805950.879][INFO]: [2539c0ba5a1eeead7691b0e8bb60e60c] RESPONSE GetElementText "1"
[1709805950.882][INFO]: [2539c0ba5a1eeead7691b0e8bb60e60c] COMMAND GetElementText {
   "id": "f.43863FDD0D0D6CFD9B019A287061E9D8.d.4F36246D4FF81197E71302EEBCA2E0D6.e.146"
}
[1709805950.882][INFO]: Waiting for pending navigations...
[1709805950.883][INFO]: Done waiting for pending navigations. Status: ok
[1709805950.894][INFO]: Waiting for pending navigations...
[1709805950.895][INFO]: Done waiting for pending navigations. Status: ok
[1709805950.895][INFO]: [2539c0ba5a1eeead7691b0e8bb60e60c] RESPONSE GetElementText "2"
[1709805950.898][INFO]: [2539c0ba5a1eeead7691b0e8bb60e60c] COMMAND GetElementText {
   "id": "f.43863FDD0D0D6CFD9B019A287061E9D8.d.4F36246D4FF81197E71302EEBCA2E0D6.e.147"
}
[1709805950.898][INFO]: Waiting for pending navigations...
[1709805950.899][INFO]: Done waiting for pending navigations. Status: ok
[1709805950.910][INFO]: Waiting for pending navigations...
[1709805950.910][INFO]: Done waiting for pending navigations. Status: ok
[1709805950.910][INFO]: [2539c0ba5a1eeead7691b0e8bb60e60c] RESPONSE GetElementText "3"
[1709805950.914][INFO]: [2539c0ba5a1eeead7691b0e8bb60e60c] COMMAND GetElementText {
   "id": "f.43863FDD0D0D6CFD9B019A287061E9D8.d.4F36246D4FF81197E71302EEBCA2E0D6.e.148"
}
[1709805950.914][INFO]: Waiting for pending navigations...
[1709805950.915][INFO]: Done waiting for pending navigations. Status: ok
[1709805950.926][INFO]: Waiting for pending navigations...
[1709805950.927][INFO]: Done waiting for pending navigations. Status: ok
[1709805950.927][INFO]: [2539c0ba5a1eeead7691b0e8bb60e60c] RESPONSE GetElementText "4"
[1709805950.930][INFO]: [2539c0ba5a1eeead7691b0e8bb60e60c] COMMAND GetElementText {
   "id": "f.43863FDD0D0D6CFD9B019A287061E9D8.d.4F36246D4FF81197E71302EEBCA2E0D6.e.149"
}
[1709805950.930][INFO]: Waiting for pending navigations...
[1709805950.931][INFO]: Done waiting for pending navigations. Status: ok
[1709805950.942][INFO]: Waiting for pending navigations...
[1709805950.942][INFO]: Done waiting for pending navigations. Status: ok
[1709805950.943][INFO]: [2539c0ba5a1eeead7691b0e8bb60e60c] RESPONSE GetElementText "5"
[1709805950.946][INFO]: [2539c0ba5a1eeead7691b0e8bb60e60c] COMMAND GetElementText {
   "id": "f.43863FDD0D0D6CFD9B019A287061E9D8.d.4F36246D4FF81197E71302EEBCA2E0D6.e.150"
}
[1709805950.946][INFO]: Waiting for pending navigations...
[1709805950.947][INFO]: Done waiting for pending navigations. Status: ok
[1709805950.958][INFO]: Waiting for pending navigations...
[1709805950.959][INFO]: Done waiting for pending navigations. Status: ok
[1709805950.959][INFO]: [2539c0ba5a1eeead7691b0e8bb60e60c] RESPONSE GetElementText "6"
[1709805950.963][INFO]: [2539c0ba5a1eeead7691b0e8bb60e60c] COMMAND GetElementText {
   "id": "f.43863FDD0D0D6CFD9B019A287061E9D8.d.4F36246D4FF81197E71302EEBCA2E0D6.e.151"
}
[1709805950.963][INFO]: Waiting for pending navigations...
[1709805950.964][INFO]: Done waiting for pending navigations. Status: ok
[1709805950.975][INFO]: Waiting for pending navigations...
[1709805950.976][INFO]: Done waiting for pending navigations. Status: ok
[1709805950.976][INFO]: [2539c0ba5a1eeead7691b0e8bb60e60c] RESPONSE GetElementText "7"
[1709805950.979][INFO]: [2539c0ba5a1eeead7691b0e8bb60e60c] COMMAND GetElementText {
   "id": "f.43863FDD0D0D6CFD9B019A287061E9D8.d.4F36246D4FF81197E71302EEBCA2E0D6.e.152"
}
[1709805950.979][INFO]: Waiting for pending navigations...
[1709805950.980][INFO]: Done waiting for pending navigations. Status: ok
[1709805950.992][INFO]: Waiting for pending navigations...
[1709805950.993][INFO]: Done waiting for pending navigations. Status: ok
[1709805950.993][INFO]: [2539c0ba5a1eeead7691b0e8bb60e60c] RESPONSE GetElementText "W1"
[1709805950.997][INFO]: [2539c0ba5a1eeead7691b0e8bb60e60c] COMMAND Navigate {
   "url": "https://leetcode.com/problems/two-sum/"
}
[1709805950.997][INFO]: Waiting for pending navigations...
[1709805950.998][INFO]: Done waiting for pending navigations. Status: ok
[1709805951.435][INFO]: Waiting for pending navigations...
[1709805954.354][INFO]: Done waiting for pending navigations. Status: ok
[1709805954.354][INFO]: [2539c0ba5a1eeead7691b0e8bb60e60c] RESPONSE Navigate
[1709805954.359][INFO]: [2539c0ba5a1eeead7691b0e8bb60e60c] COMMAND GetUrl {
}
[1709805954.359][INFO]: Waiting for pending navigations...
[1709805954.410][INFO]: Done waiting for pending navigations. Status: ok
[1709805954.555][INFO]: Waiting for pending navigations...
[1709805954.556][INFO]: Done waiting for pending navigations. Status: ok
[1709805954.556][INFO]: [2539c0ba5a1eeead7691b0e8bb60e60c] RESPONSE GetUrl "https://leetcode.com/problems/two-sum/"
[1709805954.569][INFO]: [2539c0ba5a1eeead7691b0e8bb60e60c] COMMAND Navigate {
   "url": "https://leetcode.com/"
}
[1709805954.569][INFO]: Waiting for pending navigations...
[1709805954.570][INFO]: Done waiting for pending navigations. Status: ok
[1709805954.913][INFO]: Waiting for pending navigations...
[1709805968.260][INFO]: Done waiting for pending navigations. Status: ok
[1709805968.264][INFO]: [2539c0ba5a1eeead7691b0e8bb60e60c] RESPONSE Navigate
[1709805968.279][INFO]: [2539c0ba5a1eeead7691b0e8bb60e60c] COMMAND FindElement {
   "using": "xpath",
   "value": "//p[contains(text(),'View Questions ')]"
}
[1709805968.279][INFO]: Waiting for pending navigations...
[1709805968.292][INFO]: Done waiting for pending navigations. Status: ok
[1709805968.305][INFO]: Waiting for pending navigations...
[1709805968.306][INFO]: Done waiting for pending navigations. Status: ok
[1709805968.306][INFO]: [2539c0ba5a1eeead7691b0e8bb60e60c] RESPONSE FindElement {
   "element-6066-11e4-a52e-4f735466cecf": "f.43863FDD0D0D6CFD9B019A287061E9D8.d.6373FAA3C5415BD0596B7D18F7EAF35C.e.166"
}
[1709805968.312][INFO]: [2539c0ba5a1eeead7691b0e8bb60e60c] COMMAND ClickElement {
   "id": "f.43863FDD0D0D6CFD9B019A287061E9D8.d.6373FAA3C5415BD0596B7D18F7EAF35C.e.166"
}
[1709805968.312][INFO]: Waiting for pending navigations...
[1709805968.314][INFO]: Done waiting for pending navigations. Status: ok
[1709805968.531][INFO]: Waiting for pending navigations...
[1709805971.818][INFO]: Done waiting for pending navigations. Status: ok
[1709805971.819][INFO]: [2539c0ba5a1eeead7691b0e8bb60e60c] RESPONSE ClickElement
[1709805974.844][INFO]: [2539c0ba5a1eeead7691b0e8bb60e60c] COMMAND FindElement {
   "using": "xpath",
   "value": "//a[@href='/problems/two-sum']"
}
[1709805974.845][INFO]: Waiting for pending navigations...
[1709805974.847][INFO]: Done waiting for pending navigations. Status: ok
[1709805975.033][INFO]: Waiting for pending navigations...
[1709805975.039][INFO]: Done waiting for pending navigations. Status: ok
[1709805975.040][INFO]: [2539c0ba5a1eeead7691b0e8bb60e60c] RESPONSE FindElement {
   "element-6066-11e4-a52e-4f735466cecf": "f.43863FDD0D0D6CFD9B019A287061E9D8.d.ABE690DF0A2E57FB8A119CBC37BF0A35.e.183"
}
[1709805975.046][INFO]: [2539c0ba5a1eeead7691b0e8bb60e60c] COMMAND ClickElement {
   "id": "f.43863FDD0D0D6CFD9B019A287061E9D8.d.ABE690DF0A2E57FB8A119CBC37BF0A35.e.183"
}
[1709805975.046][INFO]: Waiting for pending navigations...
[1709805975.086][INFO]: Done waiting for pending navigations. Status: ok
[1709805975.270][INFO]: Waiting for pending navigations...
[1709805978.302][INFO]: Done waiting for pending navigations. Status: ok
[1709805978.302][INFO]: [2539c0ba5a1eeead7691b0e8bb60e60c] RESPONSE ClickElement
[1709805981.338][INFO]: [2539c0ba5a1eeead7691b0e8bb60e60c] COMMAND FindElement {
   "using": "css selector",
   "value": "#submissions_tab"
}
[1709805981.338][INFO]: Waiting for pending navigations...
[1709805981.499][INFO]: Done waiting for pending navigations. Status: ok
[1709805985.207][INFO]: Waiting for pending navigations...
[1709805985.218][INFO]: Done waiting for pending navigations. Status: ok
[1709805985.218][INFO]: [2539c0ba5a1eeead7691b0e8bb60e60c] RESPONSE FindElement {
   "element-6066-11e4-a52e-4f735466cecf": "f.43863FDD0D0D6CFD9B019A287061E9D8.d.35078110990DB448051B3349DCEC9103.e.211"
}
[1709805985.229][INFO]: [2539c0ba5a1eeead7691b0e8bb60e60c] COMMAND ClickElement {
   "id": "f.43863FDD0D0D6CFD9B019A287061E9D8.d.35078110990DB448051B3349DCEC9103.e.211"
}
[1709805985.229][INFO]: Waiting for pending navigations...
[1709805985.231][INFO]: Done waiting for pending navigations. Status: ok
[1709805985.574][INFO]: Waiting for pending navigations...
[1709805985.689][INFO]: Done waiting for pending navigations. Status: ok
[1709805985.689][INFO]: [2539c0ba5a1eeead7691b0e8bb60e60c] RESPONSE ClickElement
[1709805985.695][INFO]: [2539c0ba5a1eeead7691b0e8bb60e60c] COMMAND FindElement {
   "using": "xpath",
   "value": "//a[contains(@class,'dark:hover:bg-dark-green')]"
}
[1709805985.695][INFO]: Waiting for pending navigations...
[1709805985.761][INFO]: Done waiting for pending navigations. Status: ok
[1709805985.820][INFO]: Waiting for pending navigations...
[1709805985.822][INFO]: Done waiting for pending navigations. Status: ok
[1709805985.822][INFO]: [2539c0ba5a1eeead7691b0e8bb60e60c] RESPONSE FindElement {
   "element-6066-11e4-a52e-4f735466cecf": "f.43863FDD0D0D6CFD9B019A287061E9D8.d.35078110990DB448051B3349DCEC9103.e.212"
}
[1709805985.826][INFO]: [2539c0ba5a1eeead7691b0e8bb60e60c] COMMAND GetElementText {
   "id": "f.43863FDD0D0D6CFD9B019A287061E9D8.d.35078110990DB448051B3349DCEC9103.e.212"
}
[1709805985.826][INFO]: Waiting for pending navigations...
[1709805985.827][INFO]: Done waiting for pending navigations. Status: ok
[1709805985.844][INFO]: Waiting for pending navigations...
[1709805985.844][INFO]: Done waiting for pending navigations. Status: ok
[1709805985.844][INFO]: [2539c0ba5a1eeead7691b0e8bb60e60c] RESPONSE GetElementText "Register or Sign In"
[1709805985.854][INFO]: [2539c0ba5a1eeead7691b0e8bb60e60c] COMMAND CloseWindow {
}
[1709805990.472][INFO]: [2539c0ba5a1eeead7691b0e8bb60e60c] RESPONSE CloseWindow [  ]
